<?xml version="1.0" encoding="UTF-8"?>
<testsuite xmlns:xsi="http://www.w3.org/2001/XMLSchema-instance" xsi:noNamespaceSchemaLocation="https://maven.apache.org/surefire/maven-surefire-plugin/xsd/surefire-test-report.xsd" name="com.yakushkin.cucumber.testng.runner.CucumberTestRunner" time="46.925" tests="2" errors="0" skipped="0" failures="2">
  <properties>
    <property name="java.specification.version" value="18"/>
    <property name="sun.cpu.isalist" value="amd64"/>
    <property name="sun.jnu.encoding" value="Cp1251"/>
    <property name="java.class.path" value="D:\Projects\aqa_demo\demo_cucumber\target\test-classes;D:\Projects\aqa_demo\demo_cucumber\target\classes;C:\Users\Maxim\.m2\repository\com\codeborne\selenide-testng\6.12.3\selenide-testng-6.12.3.jar;C:\Users\Maxim\.m2\repository\org\seleniumhq\selenium\selenium-java\4.8.3\selenium-java-4.8.3.jar;C:\Users\Maxim\.m2\repository\org\seleniumhq\selenium\selenium-api\4.8.3\selenium-api-4.8.3.jar;C:\Users\Maxim\.m2\repository\org\seleniumhq\selenium\selenium-chrome-driver\4.8.3\selenium-chrome-driver-4.8.3.jar;C:\Users\Maxim\.m2\repository\com\google\auto\service\auto-service-annotations\1.0.1\auto-service-annotations-1.0.1.jar;C:\Users\Maxim\.m2\repository\com\google\auto\service\auto-service\1.0.1\auto-service-1.0.1.jar;C:\Users\Maxim\.m2\repository\com\google\auto\auto-common\1.2\auto-common-1.2.jar;C:\Users\Maxim\.m2\repository\org\seleniumhq\selenium\selenium-chromium-driver\4.8.3\selenium-chromium-driver-4.8.3.jar;C:\Users\Maxim\.m2\repository\org\seleniumhq\selenium\selenium-json\4.8.3\selenium-json-4.8.3.jar;C:\Users\Maxim\.m2\repository\org\seleniumhq\selenium\selenium-manager\4.8.3\selenium-manager-4.8.3.jar;C:\Users\Maxim\.m2\repository\org\seleniumhq\selenium\selenium-devtools-v109\4.8.3\selenium-devtools-v109-4.8.3.jar;C:\Users\Maxim\.m2\repository\org\seleniumhq\selenium\selenium-devtools-v110\4.8.3\selenium-devtools-v110-4.8.3.jar;C:\Users\Maxim\.m2\repository\org\seleniumhq\selenium\selenium-devtools-v111\4.8.3\selenium-devtools-v111-4.8.3.jar;C:\Users\Maxim\.m2\repository\org\seleniumhq\selenium\selenium-devtools-v85\4.8.3\selenium-devtools-v85-4.8.3.jar;C:\Users\Maxim\.m2\repository\org\seleniumhq\selenium\selenium-edge-driver\4.8.3\selenium-edge-driver-4.8.3.jar;C:\Users\Maxim\.m2\repository\org\seleniumhq\selenium\selenium-firefox-driver\4.8.3\selenium-firefox-driver-4.8.3.jar;C:\Users\Maxim\.m2\repository\org\seleniumhq\selenium\selenium-http\4.8.3\selenium-http-4.8.3.jar;C:\Users\Maxim\.m2\repository\dev\failsafe\failsafe\3.3.1\failsafe-3.3.1.jar;C:\Users\Maxim\.m2\repository\org\seleniumhq\selenium\selenium-ie-driver\4.8.3\selenium-ie-driver-4.8.3.jar;C:\Users\Maxim\.m2\repository\org\seleniumhq\selenium\selenium-remote-driver\4.8.3\selenium-remote-driver-4.8.3.jar;C:\Users\Maxim\.m2\repository\io\netty\netty-buffer\4.1.92.Final\netty-buffer-4.1.92.Final.jar;C:\Users\Maxim\.m2\repository\io\netty\netty-codec-http\4.1.92.Final\netty-codec-http-4.1.92.Final.jar;C:\Users\Maxim\.m2\repository\io\netty\netty-codec\4.1.92.Final\netty-codec-4.1.92.Final.jar;C:\Users\Maxim\.m2\repository\io\netty\netty-handler\4.1.92.Final\netty-handler-4.1.92.Final.jar;C:\Users\Maxim\.m2\repository\io\netty\netty-common\4.1.92.Final\netty-common-4.1.92.Final.jar;C:\Users\Maxim\.m2\repository\io\netty\netty-transport-classes-epoll\4.1.92.Final\netty-transport-classes-epoll-4.1.92.Final.jar;C:\Users\Maxim\.m2\repository\io\netty\netty-transport-classes-kqueue\4.1.92.Final\netty-transport-classes-kqueue-4.1.92.Final.jar;C:\Users\Maxim\.m2\repository\io\netty\netty-transport-native-epoll\4.1.92.Final\netty-transport-native-epoll-4.1.92.Final.jar;C:\Users\Maxim\.m2\repository\io\netty\netty-transport-native-kqueue\4.1.92.Final\netty-transport-native-kqueue-4.1.92.Final.jar;C:\Users\Maxim\.m2\repository\io\netty\netty-transport-native-unix-common\4.1.92.Final\netty-transport-native-unix-common-4.1.92.Final.jar;C:\Users\Maxim\.m2\repository\io\netty\netty-transport\4.1.92.Final\netty-transport-4.1.92.Final.jar;C:\Users\Maxim\.m2\repository\io\netty\netty-resolver\4.1.92.Final\netty-resolver-4.1.92.Final.jar;C:\Users\Maxim\.m2\repository\io\opentelemetry\opentelemetry-api\1.25.0\opentelemetry-api-1.25.0.jar;C:\Users\Maxim\.m2\repository\io\opentelemetry\opentelemetry-context\1.25.0\opentelemetry-context-1.25.0.jar;C:\Users\Maxim\.m2\repository\io\opentelemetry\opentelemetry-exporter-logging\1.25.0\opentelemetry-exporter-logging-1.25.0.jar;C:\Users\Maxim\.m2\repository\io\opentelemetry\opentelemetry-sdk-metrics\1.25.0\opentelemetry-sdk-metrics-1.25.0.jar;C:\Users\Maxim\.m2\repository\io\opentelemetry\opentelemetry-sdk-logs\1.25.0-alpha\opentelemetry-sdk-logs-1.25.0-alpha.jar;C:\Users\Maxim\.m2\repository\io\opentelemetry\opentelemetry-api-logs\1.25.0-alpha\opentelemetry-api-logs-1.25.0-alpha.jar;C:\Users\Maxim\.m2\repository\io\opentelemetry\opentelemetry-api-events\1.25.0-alpha\opentelemetry-api-events-1.25.0-alpha.jar;C:\Users\Maxim\.m2\repository\io\opentelemetry\opentelemetry-sdk-common\1.25.0\opentelemetry-sdk-common-1.25.0.jar;C:\Users\Maxim\.m2\repository\io\opentelemetry\opentelemetry-sdk-extension-autoconfigure-spi\1.25.0\opentelemetry-sdk-extension-autoconfigure-spi-1.25.0.jar;C:\Users\Maxim\.m2\repository\io\opentelemetry\opentelemetry-sdk-extension-autoconfigure\1.24.0-alpha\opentelemetry-sdk-extension-autoconfigure-1.24.0-alpha.jar;C:\Users\Maxim\.m2\repository\io\opentelemetry\opentelemetry-sdk-trace\1.25.0\opentelemetry-sdk-trace-1.25.0.jar;C:\Users\Maxim\.m2\repository\io\opentelemetry\opentelemetry-sdk\1.25.0\opentelemetry-sdk-1.25.0.jar;C:\Users\Maxim\.m2\repository\io\opentelemetry\opentelemetry-semconv\1.24.0-alpha\opentelemetry-semconv-1.24.0-alpha.jar;C:\Users\Maxim\.m2\repository\io\ous\jtoml\2.0.0\jtoml-2.0.0.jar;C:\Users\Maxim\.m2\repository\org\apache\commons\commons-exec\1.3\commons-exec-1.3.jar;C:\Users\Maxim\.m2\repository\org\asynchttpclient\async-http-client\2.12.3\async-http-client-2.12.3.jar;C:\Users\Maxim\.m2\repository\org\asynchttpclient\async-http-client-netty-utils\2.12.3\async-http-client-netty-utils-2.12.3.jar;C:\Users\Maxim\.m2\repository\io\netty\netty-codec-socks\4.1.92.Final\netty-codec-socks-4.1.92.Final.jar;C:\Users\Maxim\.m2\repository\io\netty\netty-handler-proxy\4.1.92.Final\netty-handler-proxy-4.1.92.Final.jar;C:\Users\Maxim\.m2\repository\io\netty\netty-transport-native-epoll\4.1.92.Final\netty-transport-native-epoll-4.1.92.Final-linux-x86_64.jar;C:\Users\Maxim\.m2\repository\io\netty\netty-transport-native-kqueue\4.1.92.Final\netty-transport-native-kqueue-4.1.92.Final-osx-x86_64.jar;C:\Users\Maxim\.m2\repository\org\reactivestreams\reactive-streams\1.0.4\reactive-streams-1.0.4.jar;C:\Users\Maxim\.m2\repository\com\typesafe\netty\netty-reactive-streams\2.0.4\netty-reactive-streams-2.0.4.jar;C:\Users\Maxim\.m2\repository\com\sun\activation\jakarta.activation\1.2.2\jakarta.activation-1.2.2.jar;C:\Users\Maxim\.m2\repository\org\seleniumhq\selenium\selenium-safari-driver\4.8.3\selenium-safari-driver-4.8.3.jar;C:\Users\Maxim\.m2\repository\org\seleniumhq\selenium\selenium-support\4.8.3\selenium-support-4.8.3.jar;C:\Users\Maxim\.m2\repository\org\slf4j\slf4j-api\2.0.7\slf4j-api-2.0.7.jar;C:\Users\Maxim\.m2\repository\com\google\guava\guava\31.1-jre\guava-31.1-jre.jar;C:\Users\Maxim\.m2\repository\com\google\guava\failureaccess\1.0.1\failureaccess-1.0.1.jar;C:\Users\Maxim\.m2\repository\com\google\guava\listenablefuture\9999.0-empty-to-avoid-conflict-with-guava\listenablefuture-9999.0-empty-to-avoid-conflict-with-guava.jar;C:\Users\Maxim\.m2\repository\com\google\code\findbugs\jsr305\3.0.2\jsr305-3.0.2.jar;C:\Users\Maxim\.m2\repository\org\checkerframework\checker-qual\3.12.0\checker-qual-3.12.0.jar;C:\Users\Maxim\.m2\repository\com\google\errorprone\error_prone_annotations\2.11.0\error_prone_annotations-2.11.0.jar;C:\Users\Maxim\.m2\repository\com\google\j2objc\j2objc-annotations\1.3\j2objc-annotations-1.3.jar;C:\Users\Maxim\.m2\repository\org\apache\commons\commons-lang3\3.12.0\commons-lang3-3.12.0.jar;C:\Users\Maxim\.m2\repository\commons-io\commons-io\2.11.0\commons-io-2.11.0.jar;C:\Users\Maxim\.m2\repository\org\testng\testng\7.7.1\testng-7.7.1.jar;C:\Users\Maxim\.m2\repository\com\beust\jcommander\1.82\jcommander-1.82.jar;C:\Users\Maxim\.m2\repository\org\webjars\jquery\3.6.1\jquery-3.6.1.jar;C:\Users\Maxim\.m2\repository\io\cucumber\cucumber-java\7.11.1\cucumber-java-7.11.1.jar;C:\Users\Maxim\.m2\repository\io\cucumber\cucumber-core\7.11.1\cucumber-core-7.11.1.jar;C:\Users\Maxim\.m2\repository\io\cucumber\cucumber-gherkin\7.11.1\cucumber-gherkin-7.11.1.jar;C:\Users\Maxim\.m2\repository\io\cucumber\cucumber-gherkin-messages\7.11.1\cucumber-gherkin-messages-7.11.1.jar;C:\Users\Maxim\.m2\repository\io\cucumber\gherkin\26.0.3\gherkin-26.0.3.jar;C:\Users\Maxim\.m2\repository\io\cucumber\messages\21.0.1\messages-21.0.1.jar;C:\Users\Maxim\.m2\repository\io\cucumber\tag-expressions\5.0.1\tag-expressions-5.0.1.jar;C:\Users\Maxim\.m2\repository\io\cucumber\cucumber-expressions\16.1.2\cucumber-expressions-16.1.2.jar;C:\Users\Maxim\.m2\repository\io\cucumber\datatable\7.11.1\datatable-7.11.1.jar;C:\Users\Maxim\.m2\repository\io\cucumber\cucumber-plugin\7.11.1\cucumber-plugin-7.11.1.jar;C:\Users\Maxim\.m2\repository\io\cucumber\docstring\7.11.1\docstring-7.11.1.jar;C:\Users\Maxim\.m2\repository\io\cucumber\html-formatter\20.2.1\html-formatter-20.2.1.jar;C:\Users\Maxim\.m2\repository\io\cucumber\junit-xml-formatter\0.1.0\junit-xml-formatter-0.1.0.jar;C:\Users\Maxim\.m2\repository\io\cucumber\ci-environment\9.1.0\ci-environment-9.1.0.jar;C:\Users\Maxim\.m2\repository\org\apiguardian\apiguardian-api\1.1.2\apiguardian-api-1.1.2.jar;C:\Users\Maxim\.m2\repository\io\cucumber\cucumber-spring\7.11.1\cucumber-spring-7.11.1.jar;C:\Users\Maxim\.m2\repository\org\apache\maven\surefire\surefire-testng\2.21.0\surefire-testng-2.21.0.jar;C:\Users\Maxim\.m2\repository\org\apache\maven\surefire\common-java5\2.21.0\common-java5-2.21.0.jar;C:\Users\Maxim\.m2\repository\org\apache\maven\surefire\surefire-testng-utils\2.21.0\surefire-testng-utils-2.21.0.jar;C:\Users\Maxim\.m2\repository\org\apache\maven\surefire\surefire-grouper\2.21.0\surefire-grouper-2.21.0.jar;C:\Users\Maxim\.m2\repository\org\apache\maven\surefire\surefire-api\2.21.0\surefire-api-2.21.0.jar;C:\Users\Maxim\.m2\repository\org\apache\maven\surefire\surefire-logger-api\2.21.0\surefire-logger-api-2.21.0.jar;C:\Users\Maxim\.m2\repository\io\cucumber\cucumber-testng\7.11.1\cucumber-testng-7.11.1.jar;C:\Users\Maxim\.m2\repository\org\springframework\boot\spring-boot-starter\3.1.0\spring-boot-starter-3.1.0.jar;C:\Users\Maxim\.m2\repository\org\springframework\boot\spring-boot\3.1.0\spring-boot-3.1.0.jar;C:\Users\Maxim\.m2\repository\org\springframework\spring-context\6.0.9\spring-context-6.0.9.jar;C:\Users\Maxim\.m2\repository\org\springframework\boot\spring-boot-autoconfigure\3.1.0\spring-boot-autoconfigure-3.1.0.jar;C:\Users\Maxim\.m2\repository\org\springframework\boot\spring-boot-starter-logging\3.1.0\spring-boot-starter-logging-3.1.0.jar;C:\Users\Maxim\.m2\repository\ch\qos\logback\logback-classic\1.4.7\logback-classic-1.4.7.jar;C:\Users\Maxim\.m2\repository\ch\qos\logback\logback-core\1.4.7\logback-core-1.4.7.jar;C:\Users\Maxim\.m2\repository\org\apache\logging\log4j\log4j-to-slf4j\2.20.0\log4j-to-slf4j-2.20.0.jar;C:\Users\Maxim\.m2\repository\org\apache\logging\log4j\log4j-api\2.20.0\log4j-api-2.20.0.jar;C:\Users\Maxim\.m2\repository\org\slf4j\jul-to-slf4j\2.0.7\jul-to-slf4j-2.0.7.jar;C:\Users\Maxim\.m2\repository\jakarta\annotation\jakarta.annotation-api\2.1.1\jakarta.annotation-api-2.1.1.jar;C:\Users\Maxim\.m2\repository\org\springframework\spring-core\6.0.9\spring-core-6.0.9.jar;C:\Users\Maxim\.m2\repository\org\springframework\spring-jcl\6.0.9\spring-jcl-6.0.9.jar;C:\Users\Maxim\.m2\repository\org\yaml\snakeyaml\1.33\snakeyaml-1.33.jar;C:\Users\Maxim\.m2\repository\org\springframework\boot\spring-boot-starter-web\3.1.0\spring-boot-starter-web-3.1.0.jar;C:\Users\Maxim\.m2\repository\org\springframework\boot\spring-boot-starter-json\3.1.0\spring-boot-starter-json-3.1.0.jar;C:\Users\Maxim\.m2\repository\com\fasterxml\jackson\core\jackson-databind\2.15.0\jackson-databind-2.15.0.jar;C:\Users\Maxim\.m2\repository\com\fasterxml\jackson\core\jackson-annotations\2.15.0\jackson-annotations-2.15.0.jar;C:\Users\Maxim\.m2\repository\com\fasterxml\jackson\core\jackson-core\2.15.0\jackson-core-2.15.0.jar;C:\Users\Maxim\.m2\repository\com\fasterxml\jackson\datatype\jackson-datatype-jdk8\2.15.0\jackson-datatype-jdk8-2.15.0.jar;C:\Users\Maxim\.m2\repository\com\fasterxml\jackson\datatype\jackson-datatype-jsr310\2.15.0\jackson-datatype-jsr310-2.15.0.jar;C:\Users\Maxim\.m2\repository\com\fasterxml\jackson\module\jackson-module-parameter-names\2.15.0\jackson-module-parameter-names-2.15.0.jar;C:\Users\Maxim\.m2\repository\org\springframework\boot\spring-boot-starter-tomcat\3.1.0\spring-boot-starter-tomcat-3.1.0.jar;C:\Users\Maxim\.m2\repository\org\apache\tomcat\embed\tomcat-embed-core\10.1.8\tomcat-embed-core-10.1.8.jar;C:\Users\Maxim\.m2\repository\org\apache\tomcat\embed\tomcat-embed-el\10.1.8\tomcat-embed-el-10.1.8.jar;C:\Users\Maxim\.m2\repository\org\apache\tomcat\embed\tomcat-embed-websocket\10.1.8\tomcat-embed-websocket-10.1.8.jar;C:\Users\Maxim\.m2\repository\org\springframework\spring-web\6.0.9\spring-web-6.0.9.jar;C:\Users\Maxim\.m2\repository\org\springframework\spring-beans\6.0.9\spring-beans-6.0.9.jar;C:\Users\Maxim\.m2\repository\io\micrometer\micrometer-observation\1.11.0\micrometer-observation-1.11.0.jar;C:\Users\Maxim\.m2\repository\io\micrometer\micrometer-commons\1.11.0\micrometer-commons-1.11.0.jar;C:\Users\Maxim\.m2\repository\org\springframework\spring-webmvc\6.0.9\spring-webmvc-6.0.9.jar;C:\Users\Maxim\.m2\repository\org\springframework\spring-aop\6.0.9\spring-aop-6.0.9.jar;C:\Users\Maxim\.m2\repository\org\springframework\spring-expression\6.0.9\spring-expression-6.0.9.jar;C:\Users\Maxim\.m2\repository\org\projectlombok\lombok\1.18.26\lombok-1.18.26.jar;C:\Users\Maxim\.m2\repository\com\codeborne\selenide\6.12.3\selenide-6.12.3.jar;C:\Users\Maxim\.m2\repository\com\codeborne\selenide-core\6.12.3\selenide-core-6.12.3.jar;C:\Users\Maxim\.m2\repository\org\opentest4j\opentest4j\1.2.0\opentest4j-1.2.0.jar;C:\Users\Maxim\.m2\repository\io\github\bonigarcia\webdrivermanager\5.3.2\webdrivermanager-5.3.2.jar;C:\Users\Maxim\.m2\repository\com\google\code\gson\gson\2.10.1\gson-2.10.1.jar;C:\Users\Maxim\.m2\repository\org\brotli\dec\0.1.2\dec-0.1.2.jar;C:\Users\Maxim\.m2\repository\org\apache\commons\commons-compress\1.22\commons-compress-1.22.jar;C:\Users\Maxim\.m2\repository\org\apache\httpcomponents\client5\httpclient5\5.2.1\httpclient5-5.2.1.jar;C:\Users\Maxim\.m2\repository\org\apache\httpcomponents\core5\httpcore5\5.2.1\httpcore5-5.2.1.jar;C:\Users\Maxim\.m2\repository\org\apache\httpcomponents\core5\httpcore5-h2\5.2.1\httpcore5-h2-5.2.1.jar;C:\Users\Maxim\.m2\repository\org\springframework\boot\spring-boot-starter-test\3.1.0\spring-boot-starter-test-3.1.0.jar;C:\Users\Maxim\.m2\repository\org\springframework\boot\spring-boot-test\3.1.0\spring-boot-test-3.1.0.jar;C:\Users\Maxim\.m2\repository\org\springframework\boot\spring-boot-test-autoconfigure\3.1.0\spring-boot-test-autoconfigure-3.1.0.jar;C:\Users\Maxim\.m2\repository\com\jayway\jsonpath\json-path\2.8.0\json-path-2.8.0.jar;C:\Users\Maxim\.m2\repository\jakarta\xml\bind\jakarta.xml.bind-api\4.0.0\jakarta.xml.bind-api-4.0.0.jar;C:\Users\Maxim\.m2\repository\jakarta\activation\jakarta.activation-api\2.1.2\jakarta.activation-api-2.1.2.jar;C:\Users\Maxim\.m2\repository\net\minidev\json-smart\2.4.10\json-smart-2.4.10.jar;C:\Users\Maxim\.m2\repository\net\minidev\accessors-smart\2.4.9\accessors-smart-2.4.9.jar;C:\Users\Maxim\.m2\repository\org\ow2\asm\asm\9.3\asm-9.3.jar;C:\Users\Maxim\.m2\repository\org\assertj\assertj-core\3.24.2\assertj-core-3.24.2.jar;C:\Users\Maxim\.m2\repository\net\bytebuddy\byte-buddy\1.14.4\byte-buddy-1.14.4.jar;C:\Users\Maxim\.m2\repository\org\hamcrest\hamcrest\2.2\hamcrest-2.2.jar;C:\Users\Maxim\.m2\repository\org\junit\jupiter\junit-jupiter\5.9.3\junit-jupiter-5.9.3.jar;C:\Users\Maxim\.m2\repository\org\junit\jupiter\junit-jupiter-api\5.9.3\junit-jupiter-api-5.9.3.jar;C:\Users\Maxim\.m2\repository\org\junit\platform\junit-platform-commons\1.9.3\junit-platform-commons-1.9.3.jar;C:\Users\Maxim\.m2\repository\org\junit\jupiter\junit-jupiter-params\5.9.3\junit-jupiter-params-5.9.3.jar;C:\Users\Maxim\.m2\repository\org\junit\jupiter\junit-jupiter-engine\5.9.3\junit-jupiter-engine-5.9.3.jar;C:\Users\Maxim\.m2\repository\org\junit\platform\junit-platform-engine\1.9.3\junit-platform-engine-1.9.3.jar;C:\Users\Maxim\.m2\repository\org\mockito\mockito-core\5.3.1\mockito-core-5.3.1.jar;C:\Users\Maxim\.m2\repository\net\bytebuddy\byte-buddy-agent\1.14.4\byte-buddy-agent-1.14.4.jar;C:\Users\Maxim\.m2\repository\org\objenesis\objenesis\3.3\objenesis-3.3.jar;C:\Users\Maxim\.m2\repository\org\mockito\mockito-junit-jupiter\5.3.1\mockito-junit-jupiter-5.3.1.jar;C:\Users\Maxim\.m2\repository\org\skyscreamer\jsonassert\1.5.1\jsonassert-1.5.1.jar;C:\Users\Maxim\.m2\repository\com\vaadin\external\google\android-json\0.0.20131108.vaadin1\android-json-0.0.20131108.vaadin1.jar;C:\Users\Maxim\.m2\repository\org\springframework\spring-test\6.0.9\spring-test-6.0.9.jar;C:\Users\Maxim\.m2\repository\org\xmlunit\xmlunit-core\2.9.1\xmlunit-core-2.9.1.jar;C:\Users\Maxim\.m2\repository\org\apache\maven\surefire\surefire-testng-utils\2.21.0\surefire-testng-utils-2.21.0.jar;C:\Users\Maxim\.m2\repository\org\apache\maven\surefire\surefire-grouper\2.21.0\surefire-grouper-2.21.0.jar;"/>
    <property name="java.vm.vendor" value="Oracle Corporation"/>
    <property name="sun.arch.data.model" value="64"/>
    <property name="user.variant" value=""/>
    <property name="java.vendor.url" value="https://java.oracle.com/"/>
    <property name="os.name" value="Windows 11"/>
    <property name="java.vm.specification.version" value="18"/>
    <property name="sun.java.launcher" value="SUN_STANDARD"/>
    <property name="user.country" value="RU"/>
    <property name="sun.boot.library.path" value="C:\Users\Maxim\.jdks\openjdk-18.0.1.1\bin"/>
    <property name="sun.java.command" value="C:\Users\Maxim\AppData\Local\Temp\surefire13250489352641863722\surefirebooter1306297640478593768.jar C:\Users\Maxim\AppData\Local\Temp\surefire13250489352641863722 2023-05-29T17-00-13_535-jvmRun1 surefire11425193167127594776tmp surefire_03959753465182933294tmp"/>
    <property name="jdk.debug" value="release"/>
    <property name="surefire.test.class.path" value="D:\Projects\aqa_demo\demo_cucumber\target\test-classes;D:\Projects\aqa_demo\demo_cucumber\target\classes;C:\Users\Maxim\.m2\repository\com\codeborne\selenide-testng\6.12.3\selenide-testng-6.12.3.jar;C:\Users\Maxim\.m2\repository\org\seleniumhq\selenium\selenium-java\4.8.3\selenium-java-4.8.3.jar;C:\Users\Maxim\.m2\repository\org\seleniumhq\selenium\selenium-api\4.8.3\selenium-api-4.8.3.jar;C:\Users\Maxim\.m2\repository\org\seleniumhq\selenium\selenium-chrome-driver\4.8.3\selenium-chrome-driver-4.8.3.jar;C:\Users\Maxim\.m2\repository\com\google\auto\service\auto-service-annotations\1.0.1\auto-service-annotations-1.0.1.jar;C:\Users\Maxim\.m2\repository\com\google\auto\service\auto-service\1.0.1\auto-service-1.0.1.jar;C:\Users\Maxim\.m2\repository\com\google\auto\auto-common\1.2\auto-common-1.2.jar;C:\Users\Maxim\.m2\repository\org\seleniumhq\selenium\selenium-chromium-driver\4.8.3\selenium-chromium-driver-4.8.3.jar;C:\Users\Maxim\.m2\repository\org\seleniumhq\selenium\selenium-json\4.8.3\selenium-json-4.8.3.jar;C:\Users\Maxim\.m2\repository\org\seleniumhq\selenium\selenium-manager\4.8.3\selenium-manager-4.8.3.jar;C:\Users\Maxim\.m2\repository\org\seleniumhq\selenium\selenium-devtools-v109\4.8.3\selenium-devtools-v109-4.8.3.jar;C:\Users\Maxim\.m2\repository\org\seleniumhq\selenium\selenium-devtools-v110\4.8.3\selenium-devtools-v110-4.8.3.jar;C:\Users\Maxim\.m2\repository\org\seleniumhq\selenium\selenium-devtools-v111\4.8.3\selenium-devtools-v111-4.8.3.jar;C:\Users\Maxim\.m2\repository\org\seleniumhq\selenium\selenium-devtools-v85\4.8.3\selenium-devtools-v85-4.8.3.jar;C:\Users\Maxim\.m2\repository\org\seleniumhq\selenium\selenium-edge-driver\4.8.3\selenium-edge-driver-4.8.3.jar;C:\Users\Maxim\.m2\repository\org\seleniumhq\selenium\selenium-firefox-driver\4.8.3\selenium-firefox-driver-4.8.3.jar;C:\Users\Maxim\.m2\repository\org\seleniumhq\selenium\selenium-http\4.8.3\selenium-http-4.8.3.jar;C:\Users\Maxim\.m2\repository\dev\failsafe\failsafe\3.3.1\failsafe-3.3.1.jar;C:\Users\Maxim\.m2\repository\org\seleniumhq\selenium\selenium-ie-driver\4.8.3\selenium-ie-driver-4.8.3.jar;C:\Users\Maxim\.m2\repository\org\seleniumhq\selenium\selenium-remote-driver\4.8.3\selenium-remote-driver-4.8.3.jar;C:\Users\Maxim\.m2\repository\io\netty\netty-buffer\4.1.92.Final\netty-buffer-4.1.92.Final.jar;C:\Users\Maxim\.m2\repository\io\netty\netty-codec-http\4.1.92.Final\netty-codec-http-4.1.92.Final.jar;C:\Users\Maxim\.m2\repository\io\netty\netty-codec\4.1.92.Final\netty-codec-4.1.92.Final.jar;C:\Users\Maxim\.m2\repository\io\netty\netty-handler\4.1.92.Final\netty-handler-4.1.92.Final.jar;C:\Users\Maxim\.m2\repository\io\netty\netty-common\4.1.92.Final\netty-common-4.1.92.Final.jar;C:\Users\Maxim\.m2\repository\io\netty\netty-transport-classes-epoll\4.1.92.Final\netty-transport-classes-epoll-4.1.92.Final.jar;C:\Users\Maxim\.m2\repository\io\netty\netty-transport-classes-kqueue\4.1.92.Final\netty-transport-classes-kqueue-4.1.92.Final.jar;C:\Users\Maxim\.m2\repository\io\netty\netty-transport-native-epoll\4.1.92.Final\netty-transport-native-epoll-4.1.92.Final.jar;C:\Users\Maxim\.m2\repository\io\netty\netty-transport-native-kqueue\4.1.92.Final\netty-transport-native-kqueue-4.1.92.Final.jar;C:\Users\Maxim\.m2\repository\io\netty\netty-transport-native-unix-common\4.1.92.Final\netty-transport-native-unix-common-4.1.92.Final.jar;C:\Users\Maxim\.m2\repository\io\netty\netty-transport\4.1.92.Final\netty-transport-4.1.92.Final.jar;C:\Users\Maxim\.m2\repository\io\netty\netty-resolver\4.1.92.Final\netty-resolver-4.1.92.Final.jar;C:\Users\Maxim\.m2\repository\io\opentelemetry\opentelemetry-api\1.25.0\opentelemetry-api-1.25.0.jar;C:\Users\Maxim\.m2\repository\io\opentelemetry\opentelemetry-context\1.25.0\opentelemetry-context-1.25.0.jar;C:\Users\Maxim\.m2\repository\io\opentelemetry\opentelemetry-exporter-logging\1.25.0\opentelemetry-exporter-logging-1.25.0.jar;C:\Users\Maxim\.m2\repository\io\opentelemetry\opentelemetry-sdk-metrics\1.25.0\opentelemetry-sdk-metrics-1.25.0.jar;C:\Users\Maxim\.m2\repository\io\opentelemetry\opentelemetry-sdk-logs\1.25.0-alpha\opentelemetry-sdk-logs-1.25.0-alpha.jar;C:\Users\Maxim\.m2\repository\io\opentelemetry\opentelemetry-api-logs\1.25.0-alpha\opentelemetry-api-logs-1.25.0-alpha.jar;C:\Users\Maxim\.m2\repository\io\opentelemetry\opentelemetry-api-events\1.25.0-alpha\opentelemetry-api-events-1.25.0-alpha.jar;C:\Users\Maxim\.m2\repository\io\opentelemetry\opentelemetry-sdk-common\1.25.0\opentelemetry-sdk-common-1.25.0.jar;C:\Users\Maxim\.m2\repository\io\opentelemetry\opentelemetry-sdk-extension-autoconfigure-spi\1.25.0\opentelemetry-sdk-extension-autoconfigure-spi-1.25.0.jar;C:\Users\Maxim\.m2\repository\io\opentelemetry\opentelemetry-sdk-extension-autoconfigure\1.24.0-alpha\opentelemetry-sdk-extension-autoconfigure-1.24.0-alpha.jar;C:\Users\Maxim\.m2\repository\io\opentelemetry\opentelemetry-sdk-trace\1.25.0\opentelemetry-sdk-trace-1.25.0.jar;C:\Users\Maxim\.m2\repository\io\opentelemetry\opentelemetry-sdk\1.25.0\opentelemetry-sdk-1.25.0.jar;C:\Users\Maxim\.m2\repository\io\opentelemetry\opentelemetry-semconv\1.24.0-alpha\opentelemetry-semconv-1.24.0-alpha.jar;C:\Users\Maxim\.m2\repository\io\ous\jtoml\2.0.0\jtoml-2.0.0.jar;C:\Users\Maxim\.m2\repository\org\apache\commons\commons-exec\1.3\commons-exec-1.3.jar;C:\Users\Maxim\.m2\repository\org\asynchttpclient\async-http-client\2.12.3\async-http-client-2.12.3.jar;C:\Users\Maxim\.m2\repository\org\asynchttpclient\async-http-client-netty-utils\2.12.3\async-http-client-netty-utils-2.12.3.jar;C:\Users\Maxim\.m2\repository\io\netty\netty-codec-socks\4.1.92.Final\netty-codec-socks-4.1.92.Final.jar;C:\Users\Maxim\.m2\repository\io\netty\netty-handler-proxy\4.1.92.Final\netty-handler-proxy-4.1.92.Final.jar;C:\Users\Maxim\.m2\repository\io\netty\netty-transport-native-epoll\4.1.92.Final\netty-transport-native-epoll-4.1.92.Final-linux-x86_64.jar;C:\Users\Maxim\.m2\repository\io\netty\netty-transport-native-kqueue\4.1.92.Final\netty-transport-native-kqueue-4.1.92.Final-osx-x86_64.jar;C:\Users\Maxim\.m2\repository\org\reactivestreams\reactive-streams\1.0.4\reactive-streams-1.0.4.jar;C:\Users\Maxim\.m2\repository\com\typesafe\netty\netty-reactive-streams\2.0.4\netty-reactive-streams-2.0.4.jar;C:\Users\Maxim\.m2\repository\com\sun\activation\jakarta.activation\1.2.2\jakarta.activation-1.2.2.jar;C:\Users\Maxim\.m2\repository\org\seleniumhq\selenium\selenium-safari-driver\4.8.3\selenium-safari-driver-4.8.3.jar;C:\Users\Maxim\.m2\repository\org\seleniumhq\selenium\selenium-support\4.8.3\selenium-support-4.8.3.jar;C:\Users\Maxim\.m2\repository\org\slf4j\slf4j-api\2.0.7\slf4j-api-2.0.7.jar;C:\Users\Maxim\.m2\repository\com\google\guava\guava\31.1-jre\guava-31.1-jre.jar;C:\Users\Maxim\.m2\repository\com\google\guava\failureaccess\1.0.1\failureaccess-1.0.1.jar;C:\Users\Maxim\.m2\repository\com\google\guava\listenablefuture\9999.0-empty-to-avoid-conflict-with-guava\listenablefuture-9999.0-empty-to-avoid-conflict-with-guava.jar;C:\Users\Maxim\.m2\repository\com\google\code\findbugs\jsr305\3.0.2\jsr305-3.0.2.jar;C:\Users\Maxim\.m2\repository\org\checkerframework\checker-qual\3.12.0\checker-qual-3.12.0.jar;C:\Users\Maxim\.m2\repository\com\google\errorprone\error_prone_annotations\2.11.0\error_prone_annotations-2.11.0.jar;C:\Users\Maxim\.m2\repository\com\google\j2objc\j2objc-annotations\1.3\j2objc-annotations-1.3.jar;C:\Users\Maxim\.m2\repository\org\apache\commons\commons-lang3\3.12.0\commons-lang3-3.12.0.jar;C:\Users\Maxim\.m2\repository\commons-io\commons-io\2.11.0\commons-io-2.11.0.jar;C:\Users\Maxim\.m2\repository\org\testng\testng\7.7.1\testng-7.7.1.jar;C:\Users\Maxim\.m2\repository\com\beust\jcommander\1.82\jcommander-1.82.jar;C:\Users\Maxim\.m2\repository\org\webjars\jquery\3.6.1\jquery-3.6.1.jar;C:\Users\Maxim\.m2\repository\io\cucumber\cucumber-java\7.11.1\cucumber-java-7.11.1.jar;C:\Users\Maxim\.m2\repository\io\cucumber\cucumber-core\7.11.1\cucumber-core-7.11.1.jar;C:\Users\Maxim\.m2\repository\io\cucumber\cucumber-gherkin\7.11.1\cucumber-gherkin-7.11.1.jar;C:\Users\Maxim\.m2\repository\io\cucumber\cucumber-gherkin-messages\7.11.1\cucumber-gherkin-messages-7.11.1.jar;C:\Users\Maxim\.m2\repository\io\cucumber\gherkin\26.0.3\gherkin-26.0.3.jar;C:\Users\Maxim\.m2\repository\io\cucumber\messages\21.0.1\messages-21.0.1.jar;C:\Users\Maxim\.m2\repository\io\cucumber\tag-expressions\5.0.1\tag-expressions-5.0.1.jar;C:\Users\Maxim\.m2\repository\io\cucumber\cucumber-expressions\16.1.2\cucumber-expressions-16.1.2.jar;C:\Users\Maxim\.m2\repository\io\cucumber\datatable\7.11.1\datatable-7.11.1.jar;C:\Users\Maxim\.m2\repository\io\cucumber\cucumber-plugin\7.11.1\cucumber-plugin-7.11.1.jar;C:\Users\Maxim\.m2\repository\io\cucumber\docstring\7.11.1\docstring-7.11.1.jar;C:\Users\Maxim\.m2\repository\io\cucumber\html-formatter\20.2.1\html-formatter-20.2.1.jar;C:\Users\Maxim\.m2\repository\io\cucumber\junit-xml-formatter\0.1.0\junit-xml-formatter-0.1.0.jar;C:\Users\Maxim\.m2\repository\io\cucumber\ci-environment\9.1.0\ci-environment-9.1.0.jar;C:\Users\Maxim\.m2\repository\org\apiguardian\apiguardian-api\1.1.2\apiguardian-api-1.1.2.jar;C:\Users\Maxim\.m2\repository\io\cucumber\cucumber-spring\7.11.1\cucumber-spring-7.11.1.jar;C:\Users\Maxim\.m2\repository\org\apache\maven\surefire\surefire-testng\2.21.0\surefire-testng-2.21.0.jar;C:\Users\Maxim\.m2\repository\org\apache\maven\surefire\common-java5\2.21.0\common-java5-2.21.0.jar;C:\Users\Maxim\.m2\repository\org\apache\maven\surefire\surefire-testng-utils\2.21.0\surefire-testng-utils-2.21.0.jar;C:\Users\Maxim\.m2\repository\org\apache\maven\surefire\surefire-grouper\2.21.0\surefire-grouper-2.21.0.jar;C:\Users\Maxim\.m2\repository\org\apache\maven\surefire\surefire-api\2.21.0\surefire-api-2.21.0.jar;C:\Users\Maxim\.m2\repository\org\apache\maven\surefire\surefire-logger-api\2.21.0\surefire-logger-api-2.21.0.jar;C:\Users\Maxim\.m2\repository\io\cucumber\cucumber-testng\7.11.1\cucumber-testng-7.11.1.jar;C:\Users\Maxim\.m2\repository\org\springframework\boot\spring-boot-starter\3.1.0\spring-boot-starter-3.1.0.jar;C:\Users\Maxim\.m2\repository\org\springframework\boot\spring-boot\3.1.0\spring-boot-3.1.0.jar;C:\Users\Maxim\.m2\repository\org\springframework\spring-context\6.0.9\spring-context-6.0.9.jar;C:\Users\Maxim\.m2\repository\org\springframework\boot\spring-boot-autoconfigure\3.1.0\spring-boot-autoconfigure-3.1.0.jar;C:\Users\Maxim\.m2\repository\org\springframework\boot\spring-boot-starter-logging\3.1.0\spring-boot-starter-logging-3.1.0.jar;C:\Users\Maxim\.m2\repository\ch\qos\logback\logback-classic\1.4.7\logback-classic-1.4.7.jar;C:\Users\Maxim\.m2\repository\ch\qos\logback\logback-core\1.4.7\logback-core-1.4.7.jar;C:\Users\Maxim\.m2\repository\org\apache\logging\log4j\log4j-to-slf4j\2.20.0\log4j-to-slf4j-2.20.0.jar;C:\Users\Maxim\.m2\repository\org\apache\logging\log4j\log4j-api\2.20.0\log4j-api-2.20.0.jar;C:\Users\Maxim\.m2\repository\org\slf4j\jul-to-slf4j\2.0.7\jul-to-slf4j-2.0.7.jar;C:\Users\Maxim\.m2\repository\jakarta\annotation\jakarta.annotation-api\2.1.1\jakarta.annotation-api-2.1.1.jar;C:\Users\Maxim\.m2\repository\org\springframework\spring-core\6.0.9\spring-core-6.0.9.jar;C:\Users\Maxim\.m2\repository\org\springframework\spring-jcl\6.0.9\spring-jcl-6.0.9.jar;C:\Users\Maxim\.m2\repository\org\yaml\snakeyaml\1.33\snakeyaml-1.33.jar;C:\Users\Maxim\.m2\repository\org\springframework\boot\spring-boot-starter-web\3.1.0\spring-boot-starter-web-3.1.0.jar;C:\Users\Maxim\.m2\repository\org\springframework\boot\spring-boot-starter-json\3.1.0\spring-boot-starter-json-3.1.0.jar;C:\Users\Maxim\.m2\repository\com\fasterxml\jackson\core\jackson-databind\2.15.0\jackson-databind-2.15.0.jar;C:\Users\Maxim\.m2\repository\com\fasterxml\jackson\core\jackson-annotations\2.15.0\jackson-annotations-2.15.0.jar;C:\Users\Maxim\.m2\repository\com\fasterxml\jackson\core\jackson-core\2.15.0\jackson-core-2.15.0.jar;C:\Users\Maxim\.m2\repository\com\fasterxml\jackson\datatype\jackson-datatype-jdk8\2.15.0\jackson-datatype-jdk8-2.15.0.jar;C:\Users\Maxim\.m2\repository\com\fasterxml\jackson\datatype\jackson-datatype-jsr310\2.15.0\jackson-datatype-jsr310-2.15.0.jar;C:\Users\Maxim\.m2\repository\com\fasterxml\jackson\module\jackson-module-parameter-names\2.15.0\jackson-module-parameter-names-2.15.0.jar;C:\Users\Maxim\.m2\repository\org\springframework\boot\spring-boot-starter-tomcat\3.1.0\spring-boot-starter-tomcat-3.1.0.jar;C:\Users\Maxim\.m2\repository\org\apache\tomcat\embed\tomcat-embed-core\10.1.8\tomcat-embed-core-10.1.8.jar;C:\Users\Maxim\.m2\repository\org\apache\tomcat\embed\tomcat-embed-el\10.1.8\tomcat-embed-el-10.1.8.jar;C:\Users\Maxim\.m2\repository\org\apache\tomcat\embed\tomcat-embed-websocket\10.1.8\tomcat-embed-websocket-10.1.8.jar;C:\Users\Maxim\.m2\repository\org\springframework\spring-web\6.0.9\spring-web-6.0.9.jar;C:\Users\Maxim\.m2\repository\org\springframework\spring-beans\6.0.9\spring-beans-6.0.9.jar;C:\Users\Maxim\.m2\repository\io\micrometer\micrometer-observation\1.11.0\micrometer-observation-1.11.0.jar;C:\Users\Maxim\.m2\repository\io\micrometer\micrometer-commons\1.11.0\micrometer-commons-1.11.0.jar;C:\Users\Maxim\.m2\repository\org\springframework\spring-webmvc\6.0.9\spring-webmvc-6.0.9.jar;C:\Users\Maxim\.m2\repository\org\springframework\spring-aop\6.0.9\spring-aop-6.0.9.jar;C:\Users\Maxim\.m2\repository\org\springframework\spring-expression\6.0.9\spring-expression-6.0.9.jar;C:\Users\Maxim\.m2\repository\org\projectlombok\lombok\1.18.26\lombok-1.18.26.jar;C:\Users\Maxim\.m2\repository\com\codeborne\selenide\6.12.3\selenide-6.12.3.jar;C:\Users\Maxim\.m2\repository\com\codeborne\selenide-core\6.12.3\selenide-core-6.12.3.jar;C:\Users\Maxim\.m2\repository\org\opentest4j\opentest4j\1.2.0\opentest4j-1.2.0.jar;C:\Users\Maxim\.m2\repository\io\github\bonigarcia\webdrivermanager\5.3.2\webdrivermanager-5.3.2.jar;C:\Users\Maxim\.m2\repository\com\google\code\gson\gson\2.10.1\gson-2.10.1.jar;C:\Users\Maxim\.m2\repository\org\brotli\dec\0.1.2\dec-0.1.2.jar;C:\Users\Maxim\.m2\repository\org\apache\commons\commons-compress\1.22\commons-compress-1.22.jar;C:\Users\Maxim\.m2\repository\org\apache\httpcomponents\client5\httpclient5\5.2.1\httpclient5-5.2.1.jar;C:\Users\Maxim\.m2\repository\org\apache\httpcomponents\core5\httpcore5\5.2.1\httpcore5-5.2.1.jar;C:\Users\Maxim\.m2\repository\org\apache\httpcomponents\core5\httpcore5-h2\5.2.1\httpcore5-h2-5.2.1.jar;C:\Users\Maxim\.m2\repository\org\springframework\boot\spring-boot-starter-test\3.1.0\spring-boot-starter-test-3.1.0.jar;C:\Users\Maxim\.m2\repository\org\springframework\boot\spring-boot-test\3.1.0\spring-boot-test-3.1.0.jar;C:\Users\Maxim\.m2\repository\org\springframework\boot\spring-boot-test-autoconfigure\3.1.0\spring-boot-test-autoconfigure-3.1.0.jar;C:\Users\Maxim\.m2\repository\com\jayway\jsonpath\json-path\2.8.0\json-path-2.8.0.jar;C:\Users\Maxim\.m2\repository\jakarta\xml\bind\jakarta.xml.bind-api\4.0.0\jakarta.xml.bind-api-4.0.0.jar;C:\Users\Maxim\.m2\repository\jakarta\activation\jakarta.activation-api\2.1.2\jakarta.activation-api-2.1.2.jar;C:\Users\Maxim\.m2\repository\net\minidev\json-smart\2.4.10\json-smart-2.4.10.jar;C:\Users\Maxim\.m2\repository\net\minidev\accessors-smart\2.4.9\accessors-smart-2.4.9.jar;C:\Users\Maxim\.m2\repository\org\ow2\asm\asm\9.3\asm-9.3.jar;C:\Users\Maxim\.m2\repository\org\assertj\assertj-core\3.24.2\assertj-core-3.24.2.jar;C:\Users\Maxim\.m2\repository\net\bytebuddy\byte-buddy\1.14.4\byte-buddy-1.14.4.jar;C:\Users\Maxim\.m2\repository\org\hamcrest\hamcrest\2.2\hamcrest-2.2.jar;C:\Users\Maxim\.m2\repository\org\junit\jupiter\junit-jupiter\5.9.3\junit-jupiter-5.9.3.jar;C:\Users\Maxim\.m2\repository\org\junit\jupiter\junit-jupiter-api\5.9.3\junit-jupiter-api-5.9.3.jar;C:\Users\Maxim\.m2\repository\org\junit\platform\junit-platform-commons\1.9.3\junit-platform-commons-1.9.3.jar;C:\Users\Maxim\.m2\repository\org\junit\jupiter\junit-jupiter-params\5.9.3\junit-jupiter-params-5.9.3.jar;C:\Users\Maxim\.m2\repository\org\junit\jupiter\junit-jupiter-engine\5.9.3\junit-jupiter-engine-5.9.3.jar;C:\Users\Maxim\.m2\repository\org\junit\platform\junit-platform-engine\1.9.3\junit-platform-engine-1.9.3.jar;C:\Users\Maxim\.m2\repository\org\mockito\mockito-core\5.3.1\mockito-core-5.3.1.jar;C:\Users\Maxim\.m2\repository\net\bytebuddy\byte-buddy-agent\1.14.4\byte-buddy-agent-1.14.4.jar;C:\Users\Maxim\.m2\repository\org\objenesis\objenesis\3.3\objenesis-3.3.jar;C:\Users\Maxim\.m2\repository\org\mockito\mockito-junit-jupiter\5.3.1\mockito-junit-jupiter-5.3.1.jar;C:\Users\Maxim\.m2\repository\org\skyscreamer\jsonassert\1.5.1\jsonassert-1.5.1.jar;C:\Users\Maxim\.m2\repository\com\vaadin\external\google\android-json\0.0.20131108.vaadin1\android-json-0.0.20131108.vaadin1.jar;C:\Users\Maxim\.m2\repository\org\springframework\spring-test\6.0.9\spring-test-6.0.9.jar;C:\Users\Maxim\.m2\repository\org\xmlunit\xmlunit-core\2.9.1\xmlunit-core-2.9.1.jar;C:\Users\Maxim\.m2\repository\org\apache\maven\surefire\surefire-testng-utils\2.21.0\surefire-testng-utils-2.21.0.jar;C:\Users\Maxim\.m2\repository\org\apache\maven\surefire\surefire-grouper\2.21.0\surefire-grouper-2.21.0.jar;"/>
    <property name="test" value="com.yakushkin.cucumber.testng.runner.*Runner"/>
    <property name="sun.cpu.endian" value="little"/>
    <property name="user.home" value="C:\Users\Maxim"/>
    <property name="user.language" value="ru"/>
    <property name="java.specification.vendor" value="Oracle Corporation"/>
    <property name="java.version.date" value="2022-04-22"/>
    <property name="java.home" value="C:\Users\Maxim\.jdks\openjdk-18.0.1.1"/>
    <property name="file.separator" value="\"/>
    <property name="basedir" value="D:\Projects\aqa_demo\demo_cucumber"/>
    <property name="java.vm.compressedOopsMode" value="Zero based"/>
    <property name="line.separator" value="&#10;"/>
    <property name="java.vm.specification.vendor" value="Oracle Corporation"/>
    <property name="java.specification.name" value="Java Platform API Specification"/>
    <property name="surefire.real.class.path" value="C:\Users\Maxim\AppData\Local\Temp\surefire13250489352641863722\surefirebooter1306297640478593768.jar"/>
    <property name="user.script" value=""/>
    <property name="sun.management.compiler" value="HotSpot 64-Bit Tiered Compilers"/>
    <property name="java.runtime.version" value="18.0.1.1+2-6"/>
    <property name="user.name" value="Maxim"/>
    <property name="path.separator" value=";"/>
    <property name="os.version" value="10.0"/>
    <property name="java.runtime.name" value="OpenJDK Runtime Environment"/>
    <property name="file.encoding" value="UTF-8"/>
    <property name="java.vm.name" value="OpenJDK 64-Bit Server VM"/>
    <property name="localRepository" value="C:\Users\Maxim\.m2\repository"/>
    <property name="java.vendor.url.bug" value="https://bugreport.java.com/bugreport/"/>
    <property name="java.io.tmpdir" value="C:\Users\Maxim\AppData\Local\Temp\"/>
    <property name="idea.version" value="2022.2.2"/>
    <property name="java.version" value="18.0.1.1"/>
    <property name="user.dir" value="D:\Projects\aqa_demo\demo_cucumber"/>
    <property name="os.arch" value="amd64"/>
    <property name="java.vm.specification.name" value="Java Virtual Machine Specification"/>
    <property name="sun.os.patch.level" value=""/>
    <property name="native.encoding" value="Cp1251"/>
    <property name="java.library.path" value="C:\Users\Maxim\.jdks\openjdk-18.0.1.1\bin;C:\WINDOWS\Sun\Java\bin;C:\WINDOWS\system32;C:\WINDOWS;C:\Program Files (x86)\Common Files\Oracle\Java\javapath;C:\Windows\system32;C:\Windows;C:\Windows\System32\Wbem;C:\Windows\System32\WindowsPowerShell\v1.0\;C:\Windows\System32\OpenSSH\;C:\Program Files\NVIDIA Corporation\NVIDIA NvDLISR;C:\Program Files (x86)\NVIDIA Corporation\PhysX\Common;C:\Program Files\Git\cmd;C:\Program Files\Java\jdk-15\bin\;;C:\WINDOWS\system32;C:\WINDOWS;C:\WINDOWS\System32\Wbem;C:\WINDOWS\System32\WindowsPowerShell\v1.0\;C:\WINDOWS\System32\OpenSSH\;C:\Program Files\Docker\Docker\resources\bin;C:\Users\Maxim\AppData\Local\Microsoft\WindowsApps;D:\Programs\IntelliJ IDEA 2022.2.2\bin;;C:\Program Files\Java\jdk-15\bin\;;D:\Programs\Fiddler;."/>
    <property name="java.vm.info" value="mixed mode, sharing"/>
    <property name="java.vendor" value="Oracle Corporation"/>
    <property name="java.vm.version" value="18.0.1.1+2-6"/>
    <property name="sun.io.unicode.encoding" value="UnicodeLittle"/>
    <property name="java.class.version" value="62.0"/>
  </properties>
  <testcase name="runScenario" classname="com.yakushkin.cucumber.testng.runner.CucumberTestRunner" time="25.821">
    <failure message="TimedPromise timed out after 20000 ms&#10;Build info: version: &apos;4.8.3&apos;, revision: &apos;e5e76298c3&apos;&#10;System info: os.name: &apos;Windows 11&apos;, os.arch: &apos;amd64&apos;, os.version: &apos;10.0&apos;, java.version: &apos;18.0.1.1&apos;&#10;selenide.remote: http://localhost:6672/wd/hub&#10;Driver info: org.openqa.selenium.remote.RemoteWebDriver&#10;Command: [d080f0ba-52ca-4bcc-8c6e-ec88ae6524c5, get {url=https://catalog.onliner.by/videocard/gigabyte/gvn407teagleoc12}]&#10;selenide.url: https://catalog.onliner.by/videocard/gigabyte/gvn407teagleoc12&#10;Capabilities {acceptInsecureCerts: true, browserName: firefox, browserVersion: 112.0, moz:accessibilityChecks: false, moz:buildID: 20230406114409, moz:debuggerAddress: 127.0.0.1:9222, moz:geckodriverVersion: 0.33.0, moz:headless: false, moz:platformVersion: 5.10.16.3-microsoft-standar..., moz:processID: 77, moz:profile: /tmp/rust_mozprofileBbPhX3, moz:shutdownTimeout: 60000, moz:useNonSpecCompliantPointerOrigin: false, moz:webdriverClick: true, moz:windowless: false, pageLoadStrategy: normal, platformName: LINUX, proxy: Proxy(), setWindowRect: true, strictFileInteractability: false, timeouts: {implicit: 0, pageLoad: 300000, script: 30000}, unhandledPromptBehavior: accept}&#10;selenide.baseUrl: http://localhost:8080&#10;Session ID: d080f0ba-52ca-4bcc-8c6e-ec88ae6524c5" type="org.openqa.selenium.TimeoutException">org.openqa.selenium.TimeoutException: 
TimedPromise timed out after 20000 ms
Build info: version: '4.8.3', revision: 'e5e76298c3'
System info: os.name: 'Windows 11', os.arch: 'amd64', os.version: '10.0', java.version: '18.0.1.1'
selenide.remote: http://localhost:6672/wd/hub
Driver info: org.openqa.selenium.remote.RemoteWebDriver
Command: [d080f0ba-52ca-4bcc-8c6e-ec88ae6524c5, get {url=https://catalog.onliner.by/videocard/gigabyte/gvn407teagleoc12}]
selenide.url: https://catalog.onliner.by/videocard/gigabyte/gvn407teagleoc12
Capabilities {acceptInsecureCerts: true, browserName: firefox, browserVersion: 112.0, moz:accessibilityChecks: false, moz:buildID: 20230406114409, moz:debuggerAddress: 127.0.0.1:9222, moz:geckodriverVersion: 0.33.0, moz:headless: false, moz:platformVersion: 5.10.16.3-microsoft-standar..., moz:processID: 77, moz:profile: /tmp/rust_mozprofileBbPhX3, moz:shutdownTimeout: 60000, moz:useNonSpecCompliantPointerOrigin: false, moz:webdriverClick: true, moz:windowless: false, pageLoadStrategy: normal, platformName: LINUX, proxy: Proxy(), setWindowRect: true, strictFileInteractability: false, timeouts: {implicit: 0, pageLoad: 300000, script: 30000}, unhandledPromptBehavior: accept}
selenide.baseUrl: http://localhost:8080
Session ID: d080f0ba-52ca-4bcc-8c6e-ec88ae6524c5
</failure>
    <system-out><![CDATA[Cucumber was STARTED successfully
17:00:14.857 [main] INFO org.springframework.test.context.support.AnnotationConfigContextLoaderUtils -- Could not detect default configuration classes for test class [com.yakushkin.cucumber.testng.step.ShoppingCartStep]: ShoppingCartStep does not declare any static, non-private, non-final, nested classes annotated with @Configuration.
17:00:14.943 [main] INFO org.springframework.boot.test.context.SpringBootTestContextBootstrapper -- Found @SpringBootConfiguration com.yakushkin.DemoCucumberApplication for test class com.yakushkin.cucumber.testng.step.ShoppingCartStep

  .   ____          _            __ _ _
 /\\ / ___'_ __ _ _(_)_ __  __ _ \ \ \ \
( ( )\___ | '_ | '_| | '_ \/ _` | \ \ \ \
 \\/  ___)| |_)| | | | | || (_| |  ) ) ) )
  '  |____| .__|_| |_|_| |_\__, | / / / /
 =========|_|==============|___/=/_/_/_/
 :: Spring Boot ::                (v3.1.0)

2023-05-29T17:00:15.250+03:00  INFO 20952 --- [           main] c.y.c.testng.step.ShoppingCartStep       : Starting ShoppingCartStep using Java 18.0.1.1 with PID 20952 (D:\Projects\aqa_demo\demo_cucumber\target\test-classes started by Maxim in D:\Projects\aqa_demo\demo_cucumber)
2023-05-29T17:00:15.251+03:00  INFO 20952 --- [           main] c.y.c.testng.step.ShoppingCartStep       : No active profile set, falling back to 1 default profile: "default"
2023-05-29T17:00:15.820+03:00  INFO 20952 --- [           main] c.y.c.AppCucumberConfiguration           : 
===== WebDriver configuration =====
browser: [firefox]
page load timeout: [20000]
remote mode: [true]
remote URL: [http://localhost:6672/wd/hub]
assertion mode: [SOFT]

2023-05-29T17:00:15.841+03:00  INFO 20952 --- [           main] c.c.s.i.WebDriverThreadLocalContainer    : No webdriver is bound to current thread: 1 - let's create a new webdriver
2023-05-29T17:00:19.115+03:00  INFO 20952 --- [           main] c.c.selenide.webdriver.BrowserResizer    : Set browser size to 1366x768
2023-05-29T17:00:19.157+03:00  INFO 20952 --- [           main] c.c.selenide.webdriver.WebDriverFactory  : BrowserName=firefox Version=112.0 Platform=LINUX
2023-05-29T17:00:19.158+03:00  INFO 20952 --- [           main] c.c.selenide.webdriver.WebDriverFactory  : Selenide v. 6.12.3
2023-05-29T17:00:19.158+03:00  INFO 20952 --- [           main] c.c.selenide.webdriver.WebDriverFactory  : Selenium WebDriver v. 4.8.3 build revision: e5e76298c3
2023-05-29T17:00:19.158+03:00  INFO 20952 --- [           main] c.c.s.d.CreateDriverCommand              : Created webdriver in thread 1: RemoteWebDriver -> RemoteWebDriver: firefox on LINUX (d080f0ba-52ca-4bcc-8c6e-ec88ae6524c5)
2023-05-29T17:00:19.159+03:00  INFO 20952 --- [           main] c.c.s.d.DisposablesRegistry              : Register WebDriverInstance[config=StaticConfig,webDriver=RemoteWebDriver: firefox on LINUX (d080f0ba-52ca-4bcc-8c6e-ec88ae6524c5),proxy=null,downloadsFolder=null] in 1 [size=1]
2023-05-29T17:00:19.159+03:00  INFO 20952 --- [           main] c.c.s.d.DisposablesRegistry              : Add shutdown hook in 1 [size=1]
2023-05-29T17:00:19.843+03:00  INFO 20952 --- [           main] c.y.c.testng.step.ShoppingCartStep       : Started ShoppingCartStep in 4.809 seconds (process running for 6.045)
2023-05-29T17:00:19.849+03:00  INFO 20952 --- [           main] com.yakushkin.framework.DriverManager    : 
===== WebDriver configuration =====
browser: [chrome]
page load timeout: [20000]
remote mode: [true]
remote URL: [http://localhost:6672/wd/hub]
assertion mode: [SOFT]


@Scenario_1
Scenario Outline: Shopping cart should contains selected product by click on 'В корзину' button           # com/yakushkin/cucumber/testng/feature/addItemToShopCart.feature:15
  Given the user opened any product page "https://catalog.onliner.by/videocard/gigabyte/gvn407teagleoc12" # com.yakushkin.cucumber.testng.step.ShoppingCartStep.userOpenedAnyProductPage(java.lang.String)
      org.openqa.selenium.TimeoutException: TimedPromise timed out after 20000 ms
Build info: version: '4.8.3', revision: 'e5e76298c3'
System info: os.name: 'Windows 11', os.arch: 'amd64', os.version: '10.0', java.version: '18.0.1.1'
selenide.remote: http://localhost:6672/wd/hub
Driver info: org.openqa.selenium.remote.RemoteWebDriver
Command: [d080f0ba-52ca-4bcc-8c6e-ec88ae6524c5, get {url=https://catalog.onliner.by/videocard/gigabyte/gvn407teagleoc12}]
selenide.url: https://catalog.onliner.by/videocard/gigabyte/gvn407teagleoc12
Capabilities {acceptInsecureCerts: true, browserName: firefox, browserVersion: 112.0, moz:accessibilityChecks: false, moz:buildID: 20230406114409, moz:debuggerAddress: 127.0.0.1:9222, moz:geckodriverVersion: 0.33.0, moz:headless: false, moz:platformVersion: 5.10.16.3-microsoft-standar..., moz:processID: 77, moz:profile: /tmp/rust_mozprofileBbPhX3, moz:shutdownTimeout: 60000, moz:useNonSpecCompliantPointerOrigin: false, moz:webdriverClick: true, moz:windowless: false, pageLoadStrategy: normal, platformName: LINUX, proxy: Proxy(), setWindowRect: true, strictFileInteractability: false, timeouts: {implicit: 0, pageLoad: 300000, script: 30000}, unhandledPromptBehavior: accept}
selenide.baseUrl: http://localhost:8080
Session ID: d080f0ba-52ca-4bcc-8c6e-ec88ae6524c5
	at java.base/jdk.internal.reflect.DirectConstructorHandleAccessor.newInstance(DirectConstructorHandleAccessor.java:67)
	at java.base/java.lang.reflect.Constructor.newInstanceWithCaller(Constructor.java:499)
	at java.base/java.lang.reflect.Constructor.newInstance(Constructor.java:483)
	at org.openqa.selenium.remote.codec.w3c.W3CHttpResponseCodec.createException(W3CHttpResponseCodec.java:200)
	at org.openqa.selenium.remote.codec.w3c.W3CHttpResponseCodec.decode(W3CHttpResponseCodec.java:133)
	at org.openqa.selenium.remote.codec.w3c.W3CHttpResponseCodec.decode(W3CHttpResponseCodec.java:53)
	at org.openqa.selenium.remote.HttpCommandExecutor.execute(HttpCommandExecutor.java:193)
	at org.openqa.selenium.remote.RemoteWebDriver.execute(RemoteWebDriver.java:543)
	at org.openqa.selenium.remote.RemoteWebDriver.get(RemoteWebDriver.java:297)
	at org.openqa.selenium.remote.RemoteWebDriver$RemoteNavigation.to(RemoteWebDriver.java:982)
	at com.codeborne.selenide.drivercommands.Navigator.lambda$navigateTo$0(Navigator.java:74)
	at com.codeborne.selenide.logevents.SelenideLogger.run(SelenideLogger.java:105)
	at com.codeborne.selenide.drivercommands.Navigator.navigateTo(Navigator.java:70)
	at com.codeborne.selenide.drivercommands.Navigator.open(Navigator.java:32)
	at com.codeborne.selenide.SelenideDriver.open(SelenideDriver.java:101)
	at com.codeborne.selenide.Selenide.open(Selenide.java:52)
	at com.yakushkin.onliner.pageobject.ProductPage.openByUrl(ProductPage.java:18)
	at com.yakushkin.cucumber.testng.step.ShoppingCartStep.userOpenedAnyProductPage(ShoppingCartStep.java:28)
	at ✽.the user opened any product page "https://catalog.onliner.by/videocard/gigabyte/gvn407teagleoc12"(classpath:com/yakushkin/cucumber/testng/feature/addItemToShopCart.feature:6)

  When the user clicks on "В корзину" button from any supplier                                            # com.yakushkin.cucumber.testng.step.ShoppingCartStep.userClicksOnButton(java.lang.String)
  And the user close recommended sidebar if it displayed                                                  # com.yakushkin.cucumber.testng.step.ShoppingCartStep.userCloseRecommendedSideBar()
  And the user click on shopping cart icon                                                                # com.yakushkin.cucumber.testng.step.ShoppingCartStep.userClickOnShoppingCartIcon()
  Then the shopping cart contains the previously selected product                                         # com.yakushkin.cucumber.testng.step.ShoppingCartStep.verifyShoppingCartContainsThePreviouslySelectedProduct()
  Then the product page contains button with "В корзине" name for previously selected supplier            # com.yakushkin.cucumber.testng.step.ShoppingCartStep.verifyProductPageContainsButtonWithName(java.lang.String)

    Embedding Shopping cart should contains selected product by click on 'В корзину' button [image/png 148338 bytes]

]]></system-out>
  </testcase>
  <testcase name="runScenario" classname="com.yakushkin.cucumber.testng.runner.CucumberTestRunner" time="20.137">
    <failure message="TimedPromise timed out after 20000 ms&#10;Build info: version: &apos;4.8.3&apos;, revision: &apos;e5e76298c3&apos;&#10;System info: os.name: &apos;Windows 11&apos;, os.arch: &apos;amd64&apos;, os.version: &apos;10.0&apos;, java.version: &apos;18.0.1.1&apos;&#10;selenide.remote: http://localhost:6672/wd/hub&#10;Driver info: org.openqa.selenium.remote.RemoteWebDriver&#10;Command: [d080f0ba-52ca-4bcc-8c6e-ec88ae6524c5, get {url=https://catalog.onliner.by/mobile/xiaomi/mi1312256gllg}]&#10;selenide.url: https://catalog.onliner.by/mobile/xiaomi/mi1312256gllg&#10;Capabilities {acceptInsecureCerts: true, browserName: firefox, browserVersion: 112.0, moz:accessibilityChecks: false, moz:buildID: 20230406114409, moz:debuggerAddress: 127.0.0.1:9222, moz:geckodriverVersion: 0.33.0, moz:headless: false, moz:platformVersion: 5.10.16.3-microsoft-standar..., moz:processID: 77, moz:profile: /tmp/rust_mozprofileBbPhX3, moz:shutdownTimeout: 60000, moz:useNonSpecCompliantPointerOrigin: false, moz:webdriverClick: true, moz:windowless: false, pageLoadStrategy: normal, platformName: LINUX, proxy: Proxy(), setWindowRect: true, strictFileInteractability: false, timeouts: {implicit: 0, pageLoad: 300000, script: 30000}, unhandledPromptBehavior: accept}&#10;selenide.baseUrl: http://localhost:8080&#10;Session ID: d080f0ba-52ca-4bcc-8c6e-ec88ae6524c5" type="org.openqa.selenium.TimeoutException">org.openqa.selenium.TimeoutException: 
TimedPromise timed out after 20000 ms
Build info: version: '4.8.3', revision: 'e5e76298c3'
System info: os.name: 'Windows 11', os.arch: 'amd64', os.version: '10.0', java.version: '18.0.1.1'
selenide.remote: http://localhost:6672/wd/hub
Driver info: org.openqa.selenium.remote.RemoteWebDriver
Command: [d080f0ba-52ca-4bcc-8c6e-ec88ae6524c5, get {url=https://catalog.onliner.by/mobile/xiaomi/mi1312256gllg}]
selenide.url: https://catalog.onliner.by/mobile/xiaomi/mi1312256gllg
Capabilities {acceptInsecureCerts: true, browserName: firefox, browserVersion: 112.0, moz:accessibilityChecks: false, moz:buildID: 20230406114409, moz:debuggerAddress: 127.0.0.1:9222, moz:geckodriverVersion: 0.33.0, moz:headless: false, moz:platformVersion: 5.10.16.3-microsoft-standar..., moz:processID: 77, moz:profile: /tmp/rust_mozprofileBbPhX3, moz:shutdownTimeout: 60000, moz:useNonSpecCompliantPointerOrigin: false, moz:webdriverClick: true, moz:windowless: false, pageLoadStrategy: normal, platformName: LINUX, proxy: Proxy(), setWindowRect: true, strictFileInteractability: false, timeouts: {implicit: 0, pageLoad: 300000, script: 30000}, unhandledPromptBehavior: accept}
selenide.baseUrl: http://localhost:8080
Session ID: d080f0ba-52ca-4bcc-8c6e-ec88ae6524c5
</failure>
    <system-out><![CDATA[2023-05-29T17:00:40.620+03:00  INFO 20952 --- [           main] t.c.s.AnnotationConfigContextLoaderUtils : Could not detect default configuration classes for test class [com.yakushkin.cucumber.testng.step.ShoppingCartStep]: ShoppingCartStep does not declare any static, non-private, non-final, nested classes annotated with @Configuration.
2023-05-29T17:00:40.621+03:00  INFO 20952 --- [           main] .b.t.c.SpringBootTestContextBootstrapper : Found @SpringBootConfiguration com.yakushkin.DemoCucumberApplication for test class com.yakushkin.cucumber.testng.step.ShoppingCartStep
2023-05-29T17:00:40.622+03:00  INFO 20952 --- [           main] com.yakushkin.framework.DriverManager    : 
===== WebDriver configuration =====
browser: [chrome]
page load timeout: [20000]
remote mode: [true]
remote URL: [http://localhost:6672/wd/hub]
assertion mode: [SOFT]


@Scenario_1
Scenario Outline: Shopping cart should contains selected product by click on 'В корзину' button   # com/yakushkin/cucumber/testng/feature/addItemToShopCart.feature:16
  Given the user opened any product page "https://catalog.onliner.by/mobile/xiaomi/mi1312256gllg" # com.yakushkin.cucumber.testng.step.ShoppingCartStep.userOpenedAnyProductPage(java.lang.String)
      org.openqa.selenium.TimeoutException: TimedPromise timed out after 20000 ms
Build info: version: '4.8.3', revision: 'e5e76298c3'
System info: os.name: 'Windows 11', os.arch: 'amd64', os.version: '10.0', java.version: '18.0.1.1'
selenide.remote: http://localhost:6672/wd/hub
Driver info: org.openqa.selenium.remote.RemoteWebDriver
Command: [d080f0ba-52ca-4bcc-8c6e-ec88ae6524c5, get {url=https://catalog.onliner.by/mobile/xiaomi/mi1312256gllg}]
selenide.url: https://catalog.onliner.by/mobile/xiaomi/mi1312256gllg
Capabilities {acceptInsecureCerts: true, browserName: firefox, browserVersion: 112.0, moz:accessibilityChecks: false, moz:buildID: 20230406114409, moz:debuggerAddress: 127.0.0.1:9222, moz:geckodriverVersion: 0.33.0, moz:headless: false, moz:platformVersion: 5.10.16.3-microsoft-standar..., moz:processID: 77, moz:profile: /tmp/rust_mozprofileBbPhX3, moz:shutdownTimeout: 60000, moz:useNonSpecCompliantPointerOrigin: false, moz:webdriverClick: true, moz:windowless: false, pageLoadStrategy: normal, platformName: LINUX, proxy: Proxy(), setWindowRect: true, strictFileInteractability: false, timeouts: {implicit: 0, pageLoad: 300000, script: 30000}, unhandledPromptBehavior: accept}
selenide.baseUrl: http://localhost:8080
Session ID: d080f0ba-52ca-4bcc-8c6e-ec88ae6524c5
	at java.base/jdk.internal.reflect.DirectConstructorHandleAccessor.newInstance(DirectConstructorHandleAccessor.java:67)
	at java.base/java.lang.reflect.Constructor.newInstanceWithCaller(Constructor.java:499)
	at java.base/java.lang.reflect.Constructor.newInstance(Constructor.java:483)
	at org.openqa.selenium.remote.codec.w3c.W3CHttpResponseCodec.createException(W3CHttpResponseCodec.java:200)
	at org.openqa.selenium.remote.codec.w3c.W3CHttpResponseCodec.decode(W3CHttpResponseCodec.java:133)
	at org.openqa.selenium.remote.codec.w3c.W3CHttpResponseCodec.decode(W3CHttpResponseCodec.java:53)
	at org.openqa.selenium.remote.HttpCommandExecutor.execute(HttpCommandExecutor.java:193)
	at org.openqa.selenium.remote.RemoteWebDriver.execute(RemoteWebDriver.java:543)
	at org.openqa.selenium.remote.RemoteWebDriver.get(RemoteWebDriver.java:297)
	at org.openqa.selenium.remote.RemoteWebDriver$RemoteNavigation.to(RemoteWebDriver.java:982)
	at com.codeborne.selenide.drivercommands.Navigator.lambda$navigateTo$0(Navigator.java:74)
	at com.codeborne.selenide.logevents.SelenideLogger.run(SelenideLogger.java:105)
	at com.codeborne.selenide.drivercommands.Navigator.navigateTo(Navigator.java:70)
	at com.codeborne.selenide.drivercommands.Navigator.open(Navigator.java:32)
	at com.codeborne.selenide.SelenideDriver.open(SelenideDriver.java:101)
	at com.codeborne.selenide.Selenide.open(Selenide.java:52)
	at com.yakushkin.onliner.pageobject.ProductPage.openByUrl(ProductPage.java:18)
	at com.yakushkin.cucumber.testng.step.ShoppingCartStep.userOpenedAnyProductPage(ShoppingCartStep.java:28)
	at ✽.the user opened any product page "https://catalog.onliner.by/mobile/xiaomi/mi1312256gllg"(classpath:com/yakushkin/cucumber/testng/feature/addItemToShopCart.feature:6)

  When the user clicks on "В корзину" button from any supplier                                    # com.yakushkin.cucumber.testng.step.ShoppingCartStep.userClicksOnButton(java.lang.String)
  And the user close recommended sidebar if it displayed                                          # com.yakushkin.cucumber.testng.step.ShoppingCartStep.userCloseRecommendedSideBar()
  And the user click on shopping cart icon                                                        # com.yakushkin.cucumber.testng.step.ShoppingCartStep.userClickOnShoppingCartIcon()
  Then the shopping cart contains the previously selected product                                 # com.yakushkin.cucumber.testng.step.ShoppingCartStep.verifyShoppingCartContainsThePreviouslySelectedProduct()
  Then the product page contains button with "В корзине" name for previously selected supplier    # com.yakushkin.cucumber.testng.step.ShoppingCartStep.verifyProductPageContainsButtonWithName(java.lang.String)

    Embedding Shopping cart should contains selected product by click on 'В корзину' button [image/png 149255 bytes]

]]></system-out>
  </testcase>
</testsuite>