<?xml version="1.0" encoding="UTF-8"?>
<!-- Generated by org.testng.reporters.JUnitReportReporter -->
<testsuite hostname="HOME-PC" failures="0" tests="2" name="com.yakushkin.cucumber.testng.runner.CucumberTestRunner" time="21.654" errors="0" timestamp="2023-05-28T01:36:38 MSK" skipped="0">
  <testcase classname="com.yakushkin.cucumber.testng.runner.CucumberTestRunner" name="runScenario" time="14.634"/>
  <system-out/>
  <testcase classname="com.yakushkin.cucumber.testng.runner.CucumberTestRunner" name="runScenario" time="7.020"/>
  <system-out/>
</testsuite> <!-- com.yakushkin.cucumber.testng.runner.CucumberTestRunner -->
